C:\Program Files\Microsoft Visual Studio\2022\Community\MSBuild\Microsoft\VC\v170\Microsoft.CppBuild.targets(531,5): warning MSB8028: The intermediate directory (x64\Debug\) contains files shared from another project (Sablon.vcxproj).  This can lead to incorrect clean and rebuild behavior.
  main.cpp
C:\Users\Laptop\Desktop\grafikaGit\openGL-project\PVO-Novi-Sad\main.cpp(144,45): warning C4305: 'argument': truncation from 'double' to 'float'
C:\Users\Laptop\Desktop\grafikaGit\openGL-project\PVO-Novi-Sad\main.cpp(144,33): warning C4305: 'argument': truncation from 'double' to 'float'
C:\Users\Laptop\Desktop\grafikaGit\openGL-project\PVO-Novi-Sad\main.cpp(157,52): warning C4305: 'argument': truncation from 'double' to 'float'
C:\Users\Laptop\Desktop\grafikaGit\openGL-project\PVO-Novi-Sad\main.cpp(157,46): warning C4305: 'argument': truncation from 'double' to 'float'
C:\Users\Laptop\Desktop\grafikaGit\openGL-project\PVO-Novi-Sad\main.cpp(157,39): warning C4305: 'argument': truncation from 'double' to 'float'
C:\Users\Laptop\Desktop\grafikaGit\openGL-project\PVO-Novi-Sad\main.cpp(173,33): warning C4305: 'argument': truncation from 'double' to 'float'
C:\Users\Laptop\Desktop\grafikaGit\openGL-project\PVO-Novi-Sad\main.cpp(189,45): warning C4305: 'argument': truncation from 'double' to 'float'
C:\Users\Laptop\Desktop\grafikaGit\openGL-project\PVO-Novi-Sad\main.cpp(189,39): warning C4305: 'argument': truncation from 'double' to 'float'
C:\Users\Laptop\Desktop\grafikaGit\openGL-project\PVO-Novi-Sad\main.cpp(189,32): warning C4305: 'argument': truncation from 'double' to 'float'
C:\Users\Laptop\Desktop\grafikaGit\openGL-project\PVO-Novi-Sad\main.cpp(270,68): warning C4305: 'argument': truncation from 'double' to 'float'
C:\Users\Laptop\Desktop\grafikaGit\openGL-project\PVO-Novi-Sad\main.cpp(270,55): warning C4244: 'argument': conversion from 'double' to 'float', possible loss of data
C:\Users\Laptop\Desktop\grafikaGit\openGL-project\PVO-Novi-Sad\main.cpp(270,45): warning C4305: 'argument': truncation from 'double' to 'float'
C:\Users\Laptop\Desktop\grafikaGit\openGL-project\PVO-Novi-Sad\main.cpp(339,24): warning C4244: 'initializing': conversion from 'double' to 'float', possible loss of data
C:\Users\Laptop\Desktop\grafikaGit\openGL-project\PVO-Novi-Sad\main.cpp(340,24): warning C4244: 'initializing': conversion from 'double' to 'float', possible loss of data
C:\Users\Laptop\Desktop\grafikaGit\openGL-project\PVO-Novi-Sad\main.cpp(355,34): warning C4244: 'initializing': conversion from 'double' to 'float', possible loss of data
C:\Users\Laptop\Desktop\grafikaGit\openGL-project\PVO-Novi-Sad\main.cpp(356,33): warning C4244: 'initializing': conversion from 'double' to 'float', possible loss of data
C:\Users\Laptop\Desktop\grafikaGit\openGL-project\PVO-Novi-Sad\main.cpp(366,106): warning C4305: 'argument': truncation from 'double' to 'float'
C:\Users\Laptop\Desktop\grafikaGit\openGL-project\PVO-Novi-Sad\main.cpp(366,48): warning C4305: 'argument': truncation from 'double' to 'float'
C:\Users\Laptop\Desktop\grafikaGit\openGL-project\PVO-Novi-Sad\main.cpp(380,48): warning C4305: 'argument': truncation from 'double' to 'float'
C:\Users\Laptop\Desktop\grafikaGit\openGL-project\PVO-Novi-Sad\main.cpp(380,42): warning C4305: 'argument': truncation from 'double' to 'float'
C:\Users\Laptop\Desktop\grafikaGit\openGL-project\PVO-Novi-Sad\main.cpp(402,20): warning C4244: 'initializing': conversion from 'double' to 'float', possible loss of data
C:\Users\Laptop\Desktop\grafikaGit\openGL-project\PVO-Novi-Sad\main.cpp(499,48): warning C4244: '=': conversion from 'double' to 'float', possible loss of data
C:\Users\Laptop\Desktop\grafikaGit\openGL-project\PVO-Novi-Sad\main.cpp(500,52): warning C4244: '=': conversion from 'double' to 'float', possible loss of data
  Sablon.vcxproj -> C:\Users\Laptop\Desktop\grafikaGit\openGL-project\PVO-Novi-Sad\x64\Debug\PVO.exe
